<?xml version="1.0" encoding="UTF-8"?>
<!-- Generated by org.testng.reporters.JUnitReportReporter -->
<testsuite skipped="0" hostname="SAMADVAITHA" name="com.qa.webDotCom.webdriverListeners.TestClass" tests="1" failures="0" timestamp="12 Mar 2020 17:00:09 GMT" time="34.017" errors="0">
  <testcase name="enterUserName" time="34.017" classname="com.qa.webDotCom.webdriverListeners.TestClass"/>
</testsuite> <!-- com.qa.webDotCom.webdriverListeners.TestClass -->
